Analysis initiated from SIMULIA established products
Abaqus JOB Pressure_Box_With_Holes
Abaqus 3DEXPERIENCE R2019x
Abaqus License Manager checked out the following licenses:
Abaqus/Standard checked out 5 tokens from Flexnet server engr-license2.engr.uconn.edu.
<48 out of 58 licenses remain available>.
Abaqus Warning: Your Abaqus license will expire in 9 days.
Begin Analysis Input File Processor
10/6/2020 12:55:44 PM
Run pre.exe
10/6/2020 12:55:50 PM
End Analysis Input File Processor
Begin Abaqus/Standard Analysis
10/6/2020 12:55:50 PM
Run standard.exe
10/6/2020 12:55:55 PM
End Abaqus/Standard Analysis
Begin Convert MFS to SFS
10/6/2020 12:55:56 PM
Run SMASimUtility.exe
10/6/2020 12:55:57 PM
End Convert MFS to SFS
Abaqus JOB Pressure_Box_With_Holes COMPLETED
