Analysis initiated from SIMULIA established products
Abaqus JOB Pressure_Box_With_Holes
Abaqus 3DEXPERIENCE R2019x
Abaqus License Manager checked out the following licenses:
Abaqus/Standard checked out 5 tokens from Flexnet server engr-license2.engr.uconn.edu.
<45 out of 58 licenses remain available>.
Abaqus Warning: Your Abaqus license will expire in 7 days.
Begin Analysis Input File Processor
10/8/2020 10:47:30 AM
Run pre.exe
10/8/2020 10:47:45 AM
End Analysis Input File Processor
Begin Abaqus/Standard Analysis
10/8/2020 10:47:45 AM
Run standard.exe
10/8/2020 10:48:11 AM
End Abaqus/Standard Analysis
Begin Convert MFS to SFS
10/8/2020 10:48:12 AM
Run SMASimUtility.exe
10/8/2020 10:48:13 AM
End Convert MFS to SFS
Abaqus JOB Pressure_Box_With_Holes COMPLETED
